<?xml version="1.0" encoding="UTF-8"?>
<!-- Generated by org.testng.reporters.JUnitReportReporter -->
<testsuite hostname="phamvanhai" failures="0" tests="1" name="com.hrm.employee.Level_16_Live_Coding" time="21.511" errors="0" timestamp="16 Oct 2021 07:51:39 GMT" skipped="0">
  <testcase classname="com.hrm.employee.Level_16_Live_Coding" name="Employee_01_Add_New_Employees" time="21.511"/>
</testsuite> <!-- com.hrm.employee.Level_16_Live_Coding -->
